\BOOKMARK [1][-]{section.1}{Question 1}{}% 1
\BOOKMARK [2][-]{subsection.1.1}{Code}{section.1}% 2
\BOOKMARK [2][-]{subsection.1.2}{Generated Images}{section.1}% 3
\BOOKMARK [3][-]{subsubsection.1.2.1}{G=2500}{subsection.1.2}% 4
\BOOKMARK [3][-]{subsubsection.1.2.2}{G=20000}{subsection.1.2}% 5
\BOOKMARK [1][-]{section.2}{Question 2}{}% 6
\BOOKMARK [2][-]{subsection.2.1}{Code}{section.2}% 7
\BOOKMARK [2][-]{subsection.2.2}{Generated Images}{section.2}% 8
\BOOKMARK [3][-]{subsubsection.2.2.1}{Time = 45}{subsection.2.2}% 9
\BOOKMARK [3][-]{subsubsection.2.2.2}{Time = 75}{subsection.2.2}% 10
\BOOKMARK [3][-]{subsubsection.2.2.3}{Time = 135}{subsection.2.2}% 11
\BOOKMARK [1][-]{section.3}{Question 3}{}% 12
\BOOKMARK [2][-]{subsection.3.1}{Code}{section.3}% 13
\BOOKMARK [2][-]{subsection.3.2}{Generated Image}{section.3}% 14
\BOOKMARK [1][-]{section.4}{Question 4}{}% 15
\BOOKMARK [2][-]{subsection.4.1}{Code}{section.4}% 16
\BOOKMARK [2][-]{subsection.4.2}{Generated Images}{section.4}% 17
\BOOKMARK [3][-]{subsubsection.4.2.1}{Time = 45}{subsection.4.2}% 18
\BOOKMARK [3][-]{subsubsection.4.2.2}{Time = 75}{subsection.4.2}% 19
\BOOKMARK [3][-]{subsubsection.4.2.3}{Tiem = 135}{subsection.4.2}% 20
\BOOKMARK [1][-]{section.5}{Question 5}{}% 21
\BOOKMARK [2][-]{subsection.5.1}{Code}{section.5}% 22
\BOOKMARK [2][-]{subsection.5.2}{Generated Image}{section.5}% 23
\BOOKMARK [1][-]{section.6}{Question 6}{}% 24
\BOOKMARK [2][-]{subsection.6.1}{Code}{section.6}% 25
\BOOKMARK [2][-]{subsection.6.2}{Generated Image}{section.6}% 26
\BOOKMARK [2][-]{subsection.6.3}{Intention}{section.6}% 27
\BOOKMARK [2][-]{subsection.6.4}{Observation}{section.6}% 28
\BOOKMARK [1][-]{section.7}{Annexes}{}% 29
\BOOKMARK [2][-]{subsection.7.1}{Q1}{section.7}% 30
\BOOKMARK [2][-]{subsection.7.2}{Q2}{section.7}% 31
\BOOKMARK [2][-]{subsection.7.3}{Q3}{section.7}% 32
\BOOKMARK [2][-]{subsection.7.4}{Q4}{section.7}% 33
\BOOKMARK [2][-]{subsection.7.5}{Q5}{section.7}% 34
\BOOKMARK [2][-]{subsection.7.6}{Q6}{section.7}% 35
