This is pdfTeX, Version 3.14159265-2.6-1.40.15 (TeX Live 2014) (preloaded format=pdflatex 2014.5.25)  1 DEC 2014 17:12
entering extended mode
 restricted \write18 enabled.
 file:line:error style messages enabled.
 %&-line parsing enabled.
**ELEC_1.tex
(./ELEC_1.tex
LaTeX2e <2014/05/01>
Babel <3.9k> and hyphenation patterns for 78 languages loaded.
(/usr/local/texlive/2014/texmf-dist/tex/latex/base/article.cls
Document Class: article 2007/10/19 v1.4h Standard LaTeX document class
(/usr/local/texlive/2014/texmf-dist/tex/latex/base/size11.clo
File: size11.clo 2007/10/19 v1.4h Standard LaTeX file (size option)
)
\c@part=\count79
\c@section=\count80
\c@subsection=\count81
\c@subsubsection=\count82
\c@paragraph=\count83
\c@subparagraph=\count84
\c@figure=\count85
\c@table=\count86
\abovecaptionskip=\skip41
\belowcaptionskip=\skip42
\bibindent=\dimen102
) (/usr/local/texlive/2014/texmf-dist/tex/latex/preprint/fullpage.sty
Package: fullpage 1999/02/23 1.1 (PWD)
\FP@margin=\skip43
) (/usr/local/texlive/2014/texmf-dist/tex/latex/placeins/placeins.sty
Package: placeins 2005/04/18  v 2.2
) (/usr/local/texlive/2014/texmf-dist/tex/latex/graphics/graphicx.sty
Package: graphicx 2014/04/25 v1.0g Enhanced LaTeX Graphics (DPC,SPQR)
 (/usr/local/texlive/2014/texmf-dist/tex/latex/graphics/keyval.sty
Package: keyval 2014/05/08 v1.15 key=value parser (DPC)
\KV@toks@=\toks14
) (/usr/local/texlive/2014/texmf-dist/tex/latex/graphics/graphics.sty
Package: graphics 2009/02/05 v1.0o Standard LaTeX Graphics (DPC,SPQR)
 (/usr/local/texlive/2014/texmf-dist/tex/latex/graphics/trig.sty
Package: trig 1999/03/16 v1.09 sin cos tan (DPC)
) (/usr/local/texlive/2014/texmf-dist/tex/latex/latexconfig/graphics.cfg
File: graphics.cfg 2010/04/23 v1.9 graphics configuration of TeX Live
)
Package graphics Info: Driver file: pdftex.def on input line 91.
 (/usr/local/texlive/2014/texmf-dist/tex/latex/pdftex-def/pdftex.def
File: pdftex.def 2011/05/27 v0.06d Graphics/color for pdfTeX
 (/usr/local/texlive/2014/texmf-dist/tex/generic/oberdiek/infwarerr.sty
Package: infwarerr 2010/04/08 v1.3 Providing info/warning/error messages (HO)
) (/usr/local/texlive/2014/texmf-dist/tex/generic/oberdiek/ltxcmds.sty
Package: ltxcmds 2011/11/09 v1.22 LaTeX kernel commands for general use (HO)
)
\Gread@gobject=\count87
))
\Gin@req@height=\dimen103
\Gin@req@width=\dimen104
) (/Users/y1275963/Documents/latex/ELEC/.texpadtmp/ELEC_1.aux)
\openout1 = `ELEC_1.aux'.

LaTeX Font Info:    Checking defaults for OML/cmm/m/it on input line 7.
LaTeX Font Info:    ... okay on input line 7.
LaTeX Font Info:    Checking defaults for T1/cmr/m/n on input line 7.
LaTeX Font Info:    ... okay on input line 7.
LaTeX Font Info:    Checking defaults for OT1/cmr/m/n on input line 7.
LaTeX Font Info:    ... okay on input line 7.
LaTeX Font Info:    Checking defaults for OMS/cmsy/m/n on input line 7.
LaTeX Font Info:    ... okay on input line 7.
LaTeX Font Info:    Checking defaults for OMX/cmex/m/n on input line 7.
LaTeX Font Info:    ... okay on input line 7.
LaTeX Font Info:    Checking defaults for U/cmr/m/n on input line 7.
LaTeX Font Info:    ... okay on input line 7.
 (/usr/local/texlive/2014/texmf-dist/tex/context/base/supp-pdf.mkii
[Loading MPS to PDF converter (version 2006.09.02).]
\scratchcounter=\count88
\scratchdimen=\dimen105
\scratchbox=\box26
\nofMPsegments=\count89
\nofMParguments=\count90
\everyMPshowfont=\toks15
\MPscratchCnt=\count91
\MPscratchDim=\dimen106
\MPnumerator=\count92
\makeMPintoPDFobject=\count93
\everyMPtoPDFconversion=\toks16
) (/usr/local/texlive/2014/texmf-dist/tex/generic/oberdiek/pdftexcmds.sty
Package: pdftexcmds 2011/11/29 v0.20 Utility functions of pdfTeX for LuaTeX (HO)
 (/usr/local/texlive/2014/texmf-dist/tex/generic/oberdiek/ifluatex.sty
Package: ifluatex 2010/03/01 v1.3 Provides the ifluatex switch (HO)
Package ifluatex Info: LuaTeX not detected.
) (/usr/local/texlive/2014/texmf-dist/tex/generic/oberdiek/ifpdf.sty
Package: ifpdf 2011/01/30 v2.3 Provides the ifpdf switch (HO)
Package ifpdf Info: pdfTeX in PDF mode is detected.
)
Package pdftexcmds Info: LuaTeX not detected.
Package pdftexcmds Info: \pdf@primitive is available.
Package pdftexcmds Info: \pdf@ifprimitive is available.
Package pdftexcmds Info: \pdfdraftmode found.
) (/usr/local/texlive/2014/texmf-dist/tex/latex/oberdiek/epstopdf-base.sty
Package: epstopdf-base 2010/02/09 v2.5 Base part for package epstopdf
 (/usr/local/texlive/2014/texmf-dist/tex/latex/oberdiek/grfext.sty
Package: grfext 2010/08/19 v1.1 Manage graphics extensions (HO)
 (/usr/local/texlive/2014/texmf-dist/tex/generic/oberdiek/kvdefinekeys.sty
Package: kvdefinekeys 2011/04/07 v1.3 Define keys (HO)
)) (/usr/local/texlive/2014/texmf-dist/tex/latex/oberdiek/kvoptions.sty
Package: kvoptions 2011/06/30 v3.11 Key value format for package options (HO)
 (/usr/local/texlive/2014/texmf-dist/tex/generic/oberdiek/kvsetkeys.sty
Package: kvsetkeys 2012/04/25 v1.16 Key value parser (HO)
 (/usr/local/texlive/2014/texmf-dist/tex/generic/oberdiek/etexcmds.sty
Package: etexcmds 2011/02/16 v1.5 Avoid name clashes with e-TeX commands (HO)
Package etexcmds Info: Could not find \expanded.
(etexcmds)             That can mean that you are not using pdfTeX 1.50 or
(etexcmds)             that some package has redefined \expanded.
(etexcmds)             In the latter case, load this package earlier.
)))
Package grfext Info: Graphics extension search list:
(grfext)             [.png,.pdf,.jpg,.mps,.jpeg,.jbig2,.jb2,.PNG,.PDF,.JPG,.JPEG,.JBIG2,.JB2,.eps]
(grfext)             \AppendGraphicsExtensions on input line 452.
 (/usr/local/texlive/2014/texmf-dist/tex/latex/latexconfig/epstopdf-sys.cfg
File: epstopdf-sys.cfg 2010/07/13 v1.3 Configuration of (r)epstopdf for TeX Live
))
LaTeX Font Info:    External font `cmex10' loaded for size
(Font)              <12> on input line 11.
LaTeX Font Info:    External font `cmex10' loaded for size
(Font)              <8> on input line 11.
LaTeX Font Info:    External font `cmex10' loaded for size
(Font)              <6> on input line 11.
 (/Users/y1275963/Documents/latex/ELEC/.texpadtmp/ELEC_1.toc
LaTeX Font Info:    External font `cmex10' loaded for size
(Font)              <10.95> on input line 2.
)
\tf@toc=\write3
\openout3 = `ELEC_1.toc'.

 <ELEC_1.png, id=1, 562.1pt x 421.575pt>
File: ELEC_1.png Graphic file (type png)
 <use ELEC_1.png>
Package pdftex.def Info: ELEC_1.png used on input line 24.
(pdftex.def)             Requested size: 421.57397pt x 316.18047pt.
LaTeX Font Info:    External font `cmex10' loaded for size
(Font)              <9> on input line 27.
LaTeX Font Info:    External font `cmex10' loaded for size
(Font)              <5> on input line 27.


LaTeX Warning: `!h' float specifier changed to `!ht'.

[1

{/usr/local/texlive/2014/texmf-var/fonts/map/pdftex/updmap/pdftex.map}] <ELEC_2.png, id=12, 562.1pt x 421.575pt>
File: ELEC_2.png Graphic file (type png)
 <use ELEC_2.png>
Package pdftex.def Info: ELEC_2.png used on input line 35.
(pdftex.def)             Requested size: 421.57397pt x 316.18047pt.


LaTeX Warning: `!h' float specifier changed to `!ht'.

[2 <./ELEC_1.png (PNG copy)>] <original.png, id=18, 562.1pt x 421.575pt>
File: original.png Graphic file (type png)
 <use original.png>
Package pdftex.def Info: original.png used on input line 53.
(pdftex.def)             Requested size: 421.57397pt x 316.18047pt.


LaTeX Warning: `!h' float specifier changed to `!ht'.

[3 <./ELEC_2.png (PNG copy)>] <fft_samples_2_20.png, id=22, 562.1pt x 421.575pt>
File: fft_samples_2_20.png Graphic file (type png)
 <use fft_samples_2_20.png>
Package pdftex.def Info: fft_samples_2_20.png used on input line 70.
(pdftex.def)             Requested size: 421.57397pt x 316.18047pt.


LaTeX Warning: `!h' float specifier changed to `!ht'.

[4 <./original.png (PNG copy)>] <num_of_samples_1000.png, id=27, 562.1pt x 421.575pt>
File: num_of_samples_1000.png Graphic file (type png)
 <use num_of_samples_1000.png>
Package pdftex.def Info: num_of_samples_1000.png used on input line 94.
(pdftex.def)             Requested size: 421.57397pt x 316.18047pt.


LaTeX Warning: `!h' float specifier changed to `!ht'.

[5 <./fft_samples_2_20.png (PNG copy)>] <sample_rate_1000.png, id=33, 562.1pt x 421.575pt>
File: sample_rate_1000.png Graphic file (type png)
 <use sample_rate_1000.png>
Package pdftex.def Info: sample_rate_1000.png used on input line 110.
(pdftex.def)             Requested size: 421.57397pt x 316.18047pt.


LaTeX Warning: `!h' float specifier changed to `!ht'.

[6 <./num_of_samples_1000.png (PNG copy)>] <elec_3.png, id=39, 562.1pt x 421.575pt>
File: elec_3.png Graphic file (type png)
 <use elec_3.png>
Package pdftex.def Info: elec_3.png used on input line 125.
(pdftex.def)             Requested size: 421.57397pt x 316.18047pt.


LaTeX Warning: `!h' float specifier changed to `!ht'.

[7 <./sample_rate_1000.png (PNG copy)>] <elec_4.png, id=44, 836.12375pt x 539.01375pt>
File: elec_4.png Graphic file (type png)
 <use elec_4.png>
Package pdftex.def Info: elec_4.png used on input line 141.
(pdftex.def)             Requested size: 418.06085pt x 269.50621pt.


LaTeX Warning: `!h' float specifier changed to `!ht'.

[8 <./elec_3.png (PNG copy)>]
Underfull \hbox (badness 10000) in paragraph at lines 150--151

 []

<elec_2_1.png, id=48, 562.1pt x 421.575pt>
File: elec_2_1.png Graphic file (type png)
 <use elec_2_1.png>
Package pdftex.def Info: elec_2_1.png used on input line 162.
(pdftex.def)             Requested size: 337.2626pt x 252.94695pt.


LaTeX Warning: `!h' float specifier changed to `!ht'.

<elec_2_2.png, id=49, 562.1pt x 421.575pt>
File: elec_2_2.png Graphic file (type png)
 <use elec_2_2.png>
Package pdftex.def Info: elec_2_2.png used on input line 172.
(pdftex.def)             Requested size: 337.2626pt x 252.94695pt.


LaTeX Warning: `!h' float specifier changed to `!ht'.

[9 <./elec_4.png (PNG copy)>]

LaTeX Warning: Text page 10 contains only floats.

[10 <./elec_2_1.png (PNG copy)> <./elec_2_2.png (PNG copy)>] <elec_2_3.png, id=56, 562.1pt x 421.575pt>
File: elec_2_3.png Graphic file (type png)
 <use elec_2_3.png>
Package pdftex.def Info: elec_2_3.png used on input line 190.
(pdftex.def)             Requested size: 337.2626pt x 252.94695pt.
 <elec_3_1.png, id=57, 1027.84pt x 825.0825pt>
File: elec_3_1.png Graphic file (type png)
 <use elec_3_1.png>
Package pdftex.def Info: elec_3_1.png used on input line 213.
(pdftex.def)             Requested size: 256.95937pt x 206.27011pt.


LaTeX Warning: `!h' float specifier changed to `!ht'.

[11 <./elec_2_3.png (PNG copy)>]
Underfull \hbox (badness 10000) in paragraph at lines 225--226

 []

<elec_4_1.png, id=61, 1027.84pt x 825.0825pt>
File: elec_4_1.png Graphic file (type png)
 <use elec_4_1.png>
Package pdftex.def Info: elec_4_1.png used on input line 230.
(pdftex.def)             Requested size: 256.95937pt x 206.27011pt.
 <elec_4_2.png, id=62, 1027.84pt x 825.0825pt>
File: elec_4_2.png Graphic file (type png)
 <use elec_4_2.png>
Package pdftex.def Info: elec_4_2.png used on input line 240.
(pdftex.def)             Requested size: 256.95937pt x 206.27011pt.


LaTeX Warning: `!h' float specifier changed to `!ht'.

[12 <./elec_3_1.png (PNG copy)> <./elec_4_1.png (PNG copy)>] [13 <./elec_4_2.png (PNG copy)>] (/Users/y1275963/Documents/latex/ELEC/.texpadtmp/ELEC_1.aux) ) 
Here is how much of TeX's memory you used:
 1619 strings out of 493117
 24044 string characters out of 6135433
 80176 words of memory out of 5000000
 5063 multiletter control sequences out of 15000+600000
 9891 words of font info for 35 fonts, out of 8000000 for 9000
 1141 hyphenation exceptions out of 8191
 37i,6n,23p,272b,280s stack positions out of 5000i,500n,10000p,200000b,80000s
</usr/local/texlive/2014/texmf-dist/fonts/type1/public/amsfonts/cm/cmbx10.pfb></usr/local/texlive/2014/texmf-dist/fonts/type1/public/amsfonts/cm/cmbx12.pfb></usr/local/texlive/2014/texmf-dist/fonts/type1/public/amsfonts/cm/cmmi10.pfb></usr/local/texlive/2014/texmf-dist/fonts/type1/public/amsfonts/cm/cmmi9.pfb></usr/local/texlive/2014/texmf-dist/fonts/type1/public/amsfonts/cm/cmr10.pfb></usr/local/texlive/2014/texmf-dist/fonts/type1/public/amsfonts/cm/cmr12.pfb></usr/local/texlive/2014/texmf-dist/fonts/type1/public/amsfonts/cm/cmr17.pfb></usr/local/texlive/2014/texmf-dist/fonts/type1/public/amsfonts/cm/cmr6.pfb></usr/local/texlive/2014/texmf-dist/fonts/type1/public/amsfonts/cm/cmr8.pfb></usr/local/texlive/2014/texmf-dist/fonts/type1/public/amsfonts/cm/cmr9.pfb></usr/local/texlive/2014/texmf-dist/fonts/type1/public/amsfonts/cm/cmsy10.pfb></usr/local/texlive/2014/texmf-dist/fonts/type1/public/amsfonts/cm/cmtt10.pfb>
Output written on /Users/y1275963/Documents/latex/ELEC/.texpadtmp/ELEC_1.pdf (13 pages, 313513 bytes).
PDF statistics:
 109 PDF objects out of 1000 (max. 8388607)
 67 compressed objects within 1 object stream
 0 named destinations out of 1000 (max. 500000)
 71 words of extra memory for PDF output out of 10000 (max. 10000000)

